-------------------------------------------------------------------------------
Test set: com.luv2code.springmvc.StudentAndGradeServiceTest
-------------------------------------------------------------------------------
Tests run: 8, Failures: 0, Errors: 1, Skipped: 0, Time elapsed: 0.552 s <<< FAILURE! - in com.luv2code.springmvc.StudentAndGradeServiceTest
getGradebookService  Time elapsed: 0.04 s  <<< ERROR!
org.springframework.jdbc.datasource.init.CannotReadScriptException: Cannot read SQL script from class path resource [overrideData.sql]; nested exception is java.io.FileNotFoundException: class path resource [overrideData.sql] cannot be opened because it does not exist
Caused by: java.io.FileNotFoundException: class path resource [overrideData.sql] cannot be opened because it does not exist

